  Adder.cpp
C:\Dudu\Projetos e Apps\Base-Calculator\Converter.cpp(14,21): warning C4018: '<': incompatibilidade de signed/unsigned
C:\Dudu\Projetos e Apps\Base-Calculator\Converter.cpp(42,22): warning C4018: '<': incompatibilidade de signed/unsigned
C:\Dudu\Projetos e Apps\Base-Calculator\Adder.cpp(23,14): warning C4018: '>=': incompatibilidade de signed/unsigned
C:\Dudu\Projetos e Apps\Base-Calculator\Adder.cpp(23,42): warning C4018: '>=': incompatibilidade de signed/unsigned
C:\Dudu\Projetos e Apps\Base-Calculator\Adder.cpp(30,15): warning C4018: '>=': incompatibilidade de signed/unsigned
C:\Dudu\Projetos e Apps\Base-Calculator\Adder.cpp(33,16): warning C4018: '>=': incompatibilidade de signed/unsigned
  Calculator.cpp
C:\Dudu\Projetos e Apps\Base-Calculator\Converter.cpp(14,21): warning C4018: '<': incompatibilidade de signed/unsigned
C:\Dudu\Projetos e Apps\Base-Calculator\Converter.cpp(42,22): warning C4018: '<': incompatibilidade de signed/unsigned
C:\Dudu\Projetos e Apps\Base-Calculator\Adder.cpp(23,14): warning C4018: '>=': incompatibilidade de signed/unsigned
C:\Dudu\Projetos e Apps\Base-Calculator\Adder.cpp(23,42): warning C4018: '>=': incompatibilidade de signed/unsigned
C:\Dudu\Projetos e Apps\Base-Calculator\Adder.cpp(30,15): warning C4018: '>=': incompatibilidade de signed/unsigned
C:\Dudu\Projetos e Apps\Base-Calculator\Adder.cpp(33,16): warning C4018: '>=': incompatibilidade de signed/unsigned
C:\Dudu\Projetos e Apps\Base-Calculator\Calculator.cpp(7,33): warning C4829: Parâmetros possivelmente incorretos para função main. Considere o uso de 'int main(Platform::Array<Platform::String^>^ argv)'
  Converter.cpp
C:\Dudu\Projetos e Apps\Base-Calculator\Converter.cpp(14,21): warning C4018: '<': incompatibilidade de signed/unsigned
C:\Dudu\Projetos e Apps\Base-Calculator\Converter.cpp(42,22): warning C4018: '<': incompatibilidade de signed/unsigned
  Operator.cpp
C:\Dudu\Projetos e Apps\Base-Calculator\Converter.cpp(14,21): warning C4018: '<': incompatibilidade de signed/unsigned
C:\Dudu\Projetos e Apps\Base-Calculator\Converter.cpp(42,22): warning C4018: '<': incompatibilidade de signed/unsigned
C:\Dudu\Projetos e Apps\Base-Calculator\Adder.cpp(23,14): warning C4018: '>=': incompatibilidade de signed/unsigned
C:\Dudu\Projetos e Apps\Base-Calculator\Adder.cpp(23,42): warning C4018: '>=': incompatibilidade de signed/unsigned
C:\Dudu\Projetos e Apps\Base-Calculator\Adder.cpp(30,15): warning C4018: '>=': incompatibilidade de signed/unsigned
C:\Dudu\Projetos e Apps\Base-Calculator\Adder.cpp(33,16): warning C4018: '>=': incompatibilidade de signed/unsigned
  Verifier.cpp
  .NETFramework,Version=v4.7.2.AssemblyAttributes.cpp
  Gerando Código...
  Adder.obj : Módulo MSIL encontrado; vínculo incremental está desabilitado para MSIL; executando link completo
  Base-Calculator.vcxproj -> C:\Dudu\Projetos e Apps\Base-Calculator\Debug\Base-Calculator.exe
