c:\dudu\projetos e apps\base-calculator\debug\basecalculator.calculator.resources
c:\dudu\projetos e apps\base-calculator\debug\vc142.pdb
c:\dudu\projetos e apps\base-calculator\debug\.netframework,version=v4.7.2.assemblyattributes.obj
c:\dudu\projetos e apps\base-calculator\debug\verifier.obj
c:\dudu\projetos e apps\base-calculator\debug\subtractor.obj
c:\dudu\projetos e apps\base-calculator\debug\operator.obj
c:\dudu\projetos e apps\base-calculator\debug\numberformatter.obj
c:\dudu\projetos e apps\base-calculator\debug\multiplier.obj
c:\dudu\projetos e apps\base-calculator\debug\converter.obj
c:\dudu\projetos e apps\base-calculator\debug\calculator.obj
c:\dudu\projetos e apps\base-calculator\debug\adder.obj
c:\dudu\projetos e apps\base-calculator\debug\base-calculator.exe
c:\dudu\projetos e apps\base-calculator\debug\base-calculator.pdb
c:\dudu\projetos e apps\base-calculator\debug\base-calculator.exe.metagen
c:\dudu\projetos e apps\base-calculator\debug\base-calculator.tlog\base-calculator.write.1u.tlog
c:\dudu\projetos e apps\base-calculator\debug\base-calculator.tlog\cl.command.1.tlog
c:\dudu\projetos e apps\base-calculator\debug\base-calculator.tlog\cl.read.1.tlog
c:\dudu\projetos e apps\base-calculator\debug\base-calculator.tlog\cl.write.1.tlog
c:\dudu\projetos e apps\base-calculator\debug\base-calculator.tlog\link.command.1.tlog
c:\dudu\projetos e apps\base-calculator\debug\base-calculator.tlog\link.read.1.tlog
c:\dudu\projetos e apps\base-calculator\debug\base-calculator.tlog\link.write.1.tlog
c:\dudu\projetos e apps\base-calculator\debug\base-calculator.tlog\metagen.read.1.tlog
c:\dudu\projetos e apps\base-calculator\debug\base-calculator.tlog\metagen.write.1.tlog
