  Adder.cpp
C:\Users\Rodrigo\Documents\GitHub\Base-Calculator\Converter.cpp(65,19): warning C4244: 'inicializando': conversão de '__int64' para 'int', possível perda de dados
C:\Users\Rodrigo\Documents\GitHub\Base-Calculator\NumberFormatter.cpp(36,1): warning C4267: 'inicializando': conversão de 'size_t' para 'int', possível perda de dados
C:\Users\Rodrigo\Documents\GitHub\Base-Calculator\NumberFormatter.cpp(48,1): warning C4267: 'inicializando': conversão de 'size_t' para 'int', possível perda de dados
C:\Users\Rodrigo\Documents\GitHub\Base-Calculator\NumberFormatter.cpp(56,1): warning C4267: 'inicializando': conversão de 'size_t' para 'int', possível perda de dados
C:\Users\Rodrigo\Documents\GitHub\Base-Calculator\Adder.cpp(20,14): warning C4244: 'inicializando': conversão de '__int64' para 'int', possível perda de dados
C:\Users\Rodrigo\Documents\GitHub\Base-Calculator\Adder.cpp(22,14): warning C4244: 'inicializando': conversão de '__int64' para 'int', possível perda de dados
C:\Users\Rodrigo\Documents\GitHub\Base-Calculator\Adder.cpp(26,1): warning C4267: 'argumento': conversão de 'size_t' para 'int', possível perda de dados
C:\Users\Rodrigo\Documents\GitHub\Base-Calculator\Adder.cpp(28,1): warning C4267: 'argumento': conversão de 'size_t' para 'int', possível perda de dados
C:\Users\Rodrigo\Documents\GitHub\Base-Calculator\Adder.cpp(32,1): warning C4267: 'argumento': conversão de 'size_t' para 'int', possível perda de dados
C:\Users\Rodrigo\Documents\GitHub\Base-Calculator\Adder.cpp(35,1): warning C4267: 'argumento': conversão de 'size_t' para 'int', possível perda de dados
C:\Users\Rodrigo\Documents\GitHub\Base-Calculator\Adder.cpp(38,1): warning C4267: 'argumento': conversão de 'size_t' para 'int', possível perda de dados
C:\Users\Rodrigo\Documents\GitHub\Base-Calculator\Adder.cpp(41,1): warning C4267: 'argumento': conversão de 'size_t' para 'int', possível perda de dados
C:\Users\Rodrigo\Documents\GitHub\Base-Calculator\Adder.cpp(44,1): warning C4267: 'argumento': conversão de 'size_t' para 'int', possível perda de dados
C:\Users\Rodrigo\Documents\GitHub\Base-Calculator\Adder.cpp(46,1): warning C4267: 'argumento': conversão de 'size_t' para 'int', possível perda de dados
C:\Users\Rodrigo\Documents\GitHub\Base-Calculator\Adder.cpp(51,1): warning C4267: 'inicializando': conversão de 'size_t' para 'int', possível perda de dados
  Calculator.cpp
C:\Users\Rodrigo\Documents\GitHub\Base-Calculator\Converter.cpp(65,19): warning C4244: 'inicializando': conversão de '__int64' para 'int', possível perda de dados
C:\Users\Rodrigo\Documents\GitHub\Base-Calculator\NumberFormatter.cpp(36,1): warning C4267: 'inicializando': conversão de 'size_t' para 'int', possível perda de dados
C:\Users\Rodrigo\Documents\GitHub\Base-Calculator\NumberFormatter.cpp(48,1): warning C4267: 'inicializando': conversão de 'size_t' para 'int', possível perda de dados
C:\Users\Rodrigo\Documents\GitHub\Base-Calculator\NumberFormatter.cpp(56,1): warning C4267: 'inicializando': conversão de 'size_t' para 'int', possível perda de dados
C:\Users\Rodrigo\Documents\GitHub\Base-Calculator\Adder.cpp(20,14): warning C4244: 'inicializando': conversão de '__int64' para 'int', possível perda de dados
C:\Users\Rodrigo\Documents\GitHub\Base-Calculator\Adder.cpp(22,14): warning C4244: 'inicializando': conversão de '__int64' para 'int', possível perda de dados
C:\Users\Rodrigo\Documents\GitHub\Base-Calculator\Adder.cpp(26,1): warning C4267: 'argumento': conversão de 'size_t' para 'int', possível perda de dados
C:\Users\Rodrigo\Documents\GitHub\Base-Calculator\Adder.cpp(28,1): warning C4267: 'argumento': conversão de 'size_t' para 'int', possível perda de dados
C:\Users\Rodrigo\Documents\GitHub\Base-Calculator\Adder.cpp(32,1): warning C4267: 'argumento': conversão de 'size_t' para 'int', possível perda de dados
C:\Users\Rodrigo\Documents\GitHub\Base-Calculator\Adder.cpp(35,1): warning C4267: 'argumento': conversão de 'size_t' para 'int', possível perda de dados
C:\Users\Rodrigo\Documents\GitHub\Base-Calculator\Adder.cpp(38,1): warning C4267: 'argumento': conversão de 'size_t' para 'int', possível perda de dados
C:\Users\Rodrigo\Documents\GitHub\Base-Calculator\Adder.cpp(41,1): warning C4267: 'argumento': conversão de 'size_t' para 'int', possível perda de dados
C:\Users\Rodrigo\Documents\GitHub\Base-Calculator\Adder.cpp(44,1): warning C4267: 'argumento': conversão de 'size_t' para 'int', possível perda de dados
C:\Users\Rodrigo\Documents\GitHub\Base-Calculator\Adder.cpp(46,1): warning C4267: 'argumento': conversão de 'size_t' para 'int', possível perda de dados
C:\Users\Rodrigo\Documents\GitHub\Base-Calculator\Adder.cpp(51,1): warning C4267: 'inicializando': conversão de 'size_t' para 'int', possível perda de dados
C:\Users\Rodrigo\Documents\GitHub\Base-Calculator\Subtractor.cpp(18,14): warning C4244: 'inicializando': conversão de '__int64' para 'int', possível perda de dados
C:\Users\Rodrigo\Documents\GitHub\Base-Calculator\Subtractor.cpp(20,14): warning C4244: 'inicializando': conversão de '__int64' para 'int', possível perda de dados
C:\Users\Rodrigo\Documents\GitHub\Base-Calculator\Subtractor.cpp(24,1): warning C4267: 'argumento': conversão de 'size_t' para 'int', possível perda de dados
C:\Users\Rodrigo\Documents\GitHub\Base-Calculator\Subtractor.cpp(26,1): warning C4267: 'argumento': conversão de 'size_t' para 'int', possível perda de dados
C:\Users\Rodrigo\Documents\GitHub\Base-Calculator\Subtractor.cpp(30,1): warning C4267: 'argumento': conversão de 'size_t' para 'int', possível perda de dados
C:\Users\Rodrigo\Documents\GitHub\Base-Calculator\Subtractor.cpp(33,1): warning C4267: 'argumento': conversão de 'size_t' para 'int', possível perda de dados
C:\Users\Rodrigo\Documents\GitHub\Base-Calculator\Subtractor.cpp(36,1): warning C4267: 'argumento': conversão de 'size_t' para 'int', possível perda de dados
C:\Users\Rodrigo\Documents\GitHub\Base-Calculator\Subtractor.cpp(39,1): warning C4267: 'argumento': conversão de 'size_t' para 'int', possível perda de dados
C:\Users\Rodrigo\Documents\GitHub\Base-Calculator\Subtractor.cpp(42,1): warning C4267: 'argumento': conversão de 'size_t' para 'int', possível perda de dados
C:\Users\Rodrigo\Documents\GitHub\Base-Calculator\Subtractor.cpp(44,1): warning C4267: 'argumento': conversão de 'size_t' para 'int', possível perda de dados
C:\Users\Rodrigo\Documents\GitHub\Base-Calculator\Subtractor.cpp(60,1): warning C4267: 'inicializando': conversão de 'size_t' para 'int', possível perda de dados
C:\Users\Rodrigo\Documents\GitHub\Base-Calculator\Calculator.cpp(7,33): warning C4829: Parâmetros possivelmente incorretos para função main. Considere o uso de 'int main(Platform::Array<Platform::String^>^ argv)'
  Converter.cpp
C:\Users\Rodrigo\Documents\GitHub\Base-Calculator\Converter.cpp(65,19): warning C4244: 'inicializando': conversão de '__int64' para 'int', possível perda de dados
  Multiplier.cpp
C:\Users\Rodrigo\Documents\GitHub\Base-Calculator\Converter.cpp(65,19): warning C4244: 'inicializando': conversão de '__int64' para 'int', possível perda de dados
C:\Users\Rodrigo\Documents\GitHub\Base-Calculator\NumberFormatter.cpp(36,1): warning C4267: 'inicializando': conversão de 'size_t' para 'int', possível perda de dados
C:\Users\Rodrigo\Documents\GitHub\Base-Calculator\NumberFormatter.cpp(48,1): warning C4267: 'inicializando': conversão de 'size_t' para 'int', possível perda de dados
C:\Users\Rodrigo\Documents\GitHub\Base-Calculator\NumberFormatter.cpp(56,1): warning C4267: 'inicializando': conversão de 'size_t' para 'int', possível perda de dados
  NumberFormatter.cpp
C:\Users\Rodrigo\Documents\GitHub\Base-Calculator\NumberFormatter.cpp(36,1): warning C4267: 'inicializando': conversão de 'size_t' para 'int', possível perda de dados
C:\Users\Rodrigo\Documents\GitHub\Base-Calculator\NumberFormatter.cpp(48,1): warning C4267: 'inicializando': conversão de 'size_t' para 'int', possível perda de dados
C:\Users\Rodrigo\Documents\GitHub\Base-Calculator\NumberFormatter.cpp(56,1): warning C4267: 'inicializando': conversão de 'size_t' para 'int', possível perda de dados
  Operator.cpp
C:\Users\Rodrigo\Documents\GitHub\Base-Calculator\Converter.cpp(65,19): warning C4244: 'inicializando': conversão de '__int64' para 'int', possível perda de dados
C:\Users\Rodrigo\Documents\GitHub\Base-Calculator\NumberFormatter.cpp(36,1): warning C4267: 'inicializando': conversão de 'size_t' para 'int', possível perda de dados
C:\Users\Rodrigo\Documents\GitHub\Base-Calculator\NumberFormatter.cpp(48,1): warning C4267: 'inicializando': conversão de 'size_t' para 'int', possível perda de dados
C:\Users\Rodrigo\Documents\GitHub\Base-Calculator\NumberFormatter.cpp(56,1): warning C4267: 'inicializando': conversão de 'size_t' para 'int', possível perda de dados
C:\Users\Rodrigo\Documents\GitHub\Base-Calculator\Adder.cpp(20,14): warning C4244: 'inicializando': conversão de '__int64' para 'int', possível perda de dados
C:\Users\Rodrigo\Documents\GitHub\Base-Calculator\Adder.cpp(22,14): warning C4244: 'inicializando': conversão de '__int64' para 'int', possível perda de dados
C:\Users\Rodrigo\Documents\GitHub\Base-Calculator\Adder.cpp(26,1): warning C4267: 'argumento': conversão de 'size_t' para 'int', possível perda de dados
C:\Users\Rodrigo\Documents\GitHub\Base-Calculator\Adder.cpp(28,1): warning C4267: 'argumento': conversão de 'size_t' para 'int', possível perda de dados
C:\Users\Rodrigo\Documents\GitHub\Base-Calculator\Adder.cpp(32,1): warning C4267: 'argumento': conversão de 'size_t' para 'int', possível perda de dados
C:\Users\Rodrigo\Documents\GitHub\Base-Calculator\Adder.cpp(35,1): warning C4267: 'argumento': conversão de 'size_t' para 'int', possível perda de dados
C:\Users\Rodrigo\Documents\GitHub\Base-Calculator\Adder.cpp(38,1): warning C4267: 'argumento': conversão de 'size_t' para 'int', possível perda de dados
C:\Users\Rodrigo\Documents\GitHub\Base-Calculator\Adder.cpp(41,1): warning C4267: 'argumento': conversão de 'size_t' para 'int', possível perda de dados
C:\Users\Rodrigo\Documents\GitHub\Base-Calculator\Adder.cpp(44,1): warning C4267: 'argumento': conversão de 'size_t' para 'int', possível perda de dados
C:\Users\Rodrigo\Documents\GitHub\Base-Calculator\Adder.cpp(46,1): warning C4267: 'argumento': conversão de 'size_t' para 'int', possível perda de dados
C:\Users\Rodrigo\Documents\GitHub\Base-Calculator\Adder.cpp(51,1): warning C4267: 'inicializando': conversão de 'size_t' para 'int', possível perda de dados
C:\Users\Rodrigo\Documents\GitHub\Base-Calculator\Subtractor.cpp(18,14): warning C4244: 'inicializando': conversão de '__int64' para 'int', possível perda de dados
C:\Users\Rodrigo\Documents\GitHub\Base-Calculator\Subtractor.cpp(20,14): warning C4244: 'inicializando': conversão de '__int64' para 'int', possível perda de dados
C:\Users\Rodrigo\Documents\GitHub\Base-Calculator\Subtractor.cpp(24,1): warning C4267: 'argumento': conversão de 'size_t' para 'int', possível perda de dados
C:\Users\Rodrigo\Documents\GitHub\Base-Calculator\Subtractor.cpp(26,1): warning C4267: 'argumento': conversão de 'size_t' para 'int', possível perda de dados
C:\Users\Rodrigo\Documents\GitHub\Base-Calculator\Subtractor.cpp(30,1): warning C4267: 'argumento': conversão de 'size_t' para 'int', possível perda de dados
C:\Users\Rodrigo\Documents\GitHub\Base-Calculator\Subtractor.cpp(33,1): warning C4267: 'argumento': conversão de 'size_t' para 'int', possível perda de dados
C:\Users\Rodrigo\Documents\GitHub\Base-Calculator\Subtractor.cpp(36,1): warning C4267: 'argumento': conversão de 'size_t' para 'int', possível perda de dados
C:\Users\Rodrigo\Documents\GitHub\Base-Calculator\Subtractor.cpp(39,1): warning C4267: 'argumento': conversão de 'size_t' para 'int', possível perda de dados
C:\Users\Rodrigo\Documents\GitHub\Base-Calculator\Subtractor.cpp(42,1): warning C4267: 'argumento': conversão de 'size_t' para 'int', possível perda de dados
C:\Users\Rodrigo\Documents\GitHub\Base-Calculator\Subtractor.cpp(44,1): warning C4267: 'argumento': conversão de 'size_t' para 'int', possível perda de dados
C:\Users\Rodrigo\Documents\GitHub\Base-Calculator\Subtractor.cpp(60,1): warning C4267: 'inicializando': conversão de 'size_t' para 'int', possível perda de dados
  Subtractor.cpp
C:\Users\Rodrigo\Documents\GitHub\Base-Calculator\Converter.cpp(65,19): warning C4244: 'inicializando': conversão de '__int64' para 'int', possível perda de dados
C:\Users\Rodrigo\Documents\GitHub\Base-Calculator\NumberFormatter.cpp(36,1): warning C4267: 'inicializando': conversão de 'size_t' para 'int', possível perda de dados
C:\Users\Rodrigo\Documents\GitHub\Base-Calculator\NumberFormatter.cpp(48,1): warning C4267: 'inicializando': conversão de 'size_t' para 'int', possível perda de dados
C:\Users\Rodrigo\Documents\GitHub\Base-Calculator\NumberFormatter.cpp(56,1): warning C4267: 'inicializando': conversão de 'size_t' para 'int', possível perda de dados
C:\Users\Rodrigo\Documents\GitHub\Base-Calculator\Subtractor.cpp(18,14): warning C4244: 'inicializando': conversão de '__int64' para 'int', possível perda de dados
C:\Users\Rodrigo\Documents\GitHub\Base-Calculator\Subtractor.cpp(20,14): warning C4244: 'inicializando': conversão de '__int64' para 'int', possível perda de dados
C:\Users\Rodrigo\Documents\GitHub\Base-Calculator\Subtractor.cpp(24,1): warning C4267: 'argumento': conversão de 'size_t' para 'int', possível perda de dados
C:\Users\Rodrigo\Documents\GitHub\Base-Calculator\Subtractor.cpp(26,1): warning C4267: 'argumento': conversão de 'size_t' para 'int', possível perda de dados
C:\Users\Rodrigo\Documents\GitHub\Base-Calculator\Subtractor.cpp(30,1): warning C4267: 'argumento': conversão de 'size_t' para 'int', possível perda de dados
C:\Users\Rodrigo\Documents\GitHub\Base-Calculator\Subtractor.cpp(33,1): warning C4267: 'argumento': conversão de 'size_t' para 'int', possível perda de dados
C:\Users\Rodrigo\Documents\GitHub\Base-Calculator\Subtractor.cpp(36,1): warning C4267: 'argumento': conversão de 'size_t' para 'int', possível perda de dados
C:\Users\Rodrigo\Documents\GitHub\Base-Calculator\Subtractor.cpp(39,1): warning C4267: 'argumento': conversão de 'size_t' para 'int', possível perda de dados
C:\Users\Rodrigo\Documents\GitHub\Base-Calculator\Subtractor.cpp(42,1): warning C4267: 'argumento': conversão de 'size_t' para 'int', possível perda de dados
C:\Users\Rodrigo\Documents\GitHub\Base-Calculator\Subtractor.cpp(44,1): warning C4267: 'argumento': conversão de 'size_t' para 'int', possível perda de dados
C:\Users\Rodrigo\Documents\GitHub\Base-Calculator\Subtractor.cpp(60,1): warning C4267: 'inicializando': conversão de 'size_t' para 'int', possível perda de dados
  Verifier.cpp
  .NETFramework,Version=v4.7.2.AssemblyAttributes.cpp
  Gerando Código...
  Adder.obj : Módulo MSIL encontrado; vínculo incremental está desabilitado para MSIL; executando link completo
  Base-Calculator.vcxproj -> C:\Users\Rodrigo\Documents\GitHub\Base-Calculator\x64\Debug\Base-Calculator.exe
