c:\users\rodrigo\documents\github\base-calculator\x64\debug\basecalculator.calculator.resources
c:\users\rodrigo\documents\github\base-calculator\x64\debug\vc142.pdb
c:\users\rodrigo\documents\github\base-calculator\x64\debug\.netframework,version=v4.7.2.assemblyattributes.obj
c:\users\rodrigo\documents\github\base-calculator\x64\debug\verifier.obj
c:\users\rodrigo\documents\github\base-calculator\x64\debug\subtractor.obj
c:\users\rodrigo\documents\github\base-calculator\x64\debug\operator.obj
c:\users\rodrigo\documents\github\base-calculator\x64\debug\numberformatter.obj
c:\users\rodrigo\documents\github\base-calculator\x64\debug\multiplier.obj
c:\users\rodrigo\documents\github\base-calculator\x64\debug\converter.obj
c:\users\rodrigo\documents\github\base-calculator\x64\debug\calculator.obj
c:\users\rodrigo\documents\github\base-calculator\x64\debug\adder.obj
c:\users\rodrigo\documents\github\base-calculator\x64\debug\base-calculator.exe
c:\users\rodrigo\documents\github\base-calculator\x64\debug\base-calculator.pdb
c:\users\rodrigo\documents\github\base-calculator\x64\debug\base-calculator.exe.metagen
c:\users\rodrigo\documents\github\base-calculator\x64\debug\base-calculator.tlog\base-calculator.write.1u.tlog
c:\users\rodrigo\documents\github\base-calculator\x64\debug\base-calculator.tlog\cl.command.1.tlog
c:\users\rodrigo\documents\github\base-calculator\x64\debug\base-calculator.tlog\cl.read.1.tlog
c:\users\rodrigo\documents\github\base-calculator\x64\debug\base-calculator.tlog\cl.write.1.tlog
c:\users\rodrigo\documents\github\base-calculator\x64\debug\base-calculator.tlog\link.command.1.tlog
c:\users\rodrigo\documents\github\base-calculator\x64\debug\base-calculator.tlog\link.read.1.tlog
c:\users\rodrigo\documents\github\base-calculator\x64\debug\base-calculator.tlog\link.write.1.tlog
c:\users\rodrigo\documents\github\base-calculator\x64\debug\base-calculator.tlog\metagen.read.1.tlog
c:\users\rodrigo\documents\github\base-calculator\x64\debug\base-calculator.tlog\metagen.write.1.tlog
